[02Dec2024 00:02:20.579] [Server thread/INFO] [net.minecraft.world.entity.LivingEntity/]: Named entity PlayerFormEntity['purple skittle'/181284, l='ServerLevel[world]', x=600.82, y=35.00, z=485.19] died: purple skittle was slain by Looter
[02Dec2024 00:02:33.285] [Server thread/INFO] [net.minecraft.world.entity.LivingEntity/]: Named entity PlayerFormEntity['boodahbob'/181352, l='ServerLevel[world]', x=621.56, y=39.00, z=593.88] died: boodahbob was murdered by Vindicator Form.
[02Dec2024 00:04:40.459] [Server thread/WARN] [net.minecraft.server.network.ServerGamePacketListenerImpl/]: vicentula moved too quickly! -1.2797147171744427,-7.5348441963705,6.754512993331559
[02Dec2024 00:04:50.543] [Server thread/INFO] [net.minecraft.server.network.ServerGamePacketListenerImpl/]: vicentula lost connection: Timed out
[02Dec2024 00:04:50.544] [Server thread/INFO] [net.minecraft.server.MinecraftServer/]: vicentula left the game
[02Dec2024 00:05:39.372] [Server thread/INFO] [net.minecraft.server.network.ServerLoginPacketListenerImpl/]: com.mojang.authlib.GameProfile@5d2e2210[id=<null>,name=vicentula,properties={},legacy=false] (/127.189.253.42:58697) lost connection: Disconnected
[02Dec2024 00:05:45.727] [Server thread/INFO] [net.minecraft.server.players.PlayerList/]: vicentula[/127.189.253.42:37321] logged in with entity id 182741 at (609.9612276084681, 71.53584062504456, 552.6421836169632)
[02Dec2024 00:05:45.732] [Server thread/INFO] [net.minecraft.server.MinecraftServer/]: vicentula joined the game
[02Dec2024 00:05:45.745] [Server thread/INFO] [Jade/]: Syncing config to vicentula (ea963feb-ef64-36f6-8969-26de2e90d8be)
[02Dec2024 00:06:36.237] [Server thread/INFO] [net.minecraft.world.entity.LivingEntity/]: Named entity PlayerFormEntity['MR138'/184350, l='ServerLevel[world]', x=616.36, y=37.00, z=603.34] died: MR138 was slain by Zombie
[02Dec2024 00:07:12.346] [Server thread/INFO] [net.minecraft.world.entity.LivingEntity/]: Named entity PlayerFormEntity['Finton'/184069, l='ServerLevel[world]', x=625.40, y=44.00, z=607.40] died: Finton was slain by Looter
[02Dec2024 00:07:34.228] [Server thread/INFO] [net.minecraft.world.entity.LivingEntity/]: Named entity PlayerFormEntity['boodahbob'/186579, l='ServerLevel[world]', x=623.50, y=24.81, z=563.58] died: boodahbob was blown up by Creeper
[02Dec2024 00:18:40.282] [Server thread/INFO] [net.minecraft.world.entity.LivingEntity/]: Named entity PlayerFormEntity['Finton'/194496, l='ServerLevel[world]', x=462.95, y=-44.00, z=408.90] died: Finton died because of Zombie
[02Dec2024 00:19:56.834] [Server thread/INFO] [net.minecraft.server.MinecraftServer/]: vicentula has made the advancement [Diamonds!]
[02Dec2024 00:24:44.732] [Server thread/INFO] [net.minecraft.world.entity.LivingEntity/]: Named entity PlayerFormEntity['Beta'/199905, l='ServerLevel[world]', x=685.12, y=13.00, z=574.39] died: Beta was slain by Enderman
[02Dec2024 00:26:39.496] [Server thread/INFO] [net.minecraft.world.entity.LivingEntity/]: Named entity PlayerFormEntity['Reno'/201960, l='ServerLevel[world]', x=703.90, y=14.00, z=552.94] died: Reno was slain by Zombie
[02Dec2024 00:29:48.526] [Server thread/INFO] [net.minecraft.world.entity.LivingEntity/]: Named entity PlayerFormEntity['AzPure'/204179, l='ServerLevel[world]', x=709.36, y=16.42, z=541.94] died: AzPure was slain by Zombie
[02Dec2024 00:30:55.290] [Server thread/INFO] [net.minecraft.world.entity.LivingEntity/]: Named entity PlayerFormEntity['Shiarir'/204725, l='ServerLevel[world]', x=647.40, y=20.90, z=559.60] died: Shiarir suffocated in a wall
[02Dec2024 00:32:02.396] [Server thread/INFO] [net.minecraft.server.players.PlayerList/]: Nacho1704[/127.23.204.30:41315] logged in with entity id 205476 at (108.59301881542417, 63.0, 169.362426034796)
[02Dec2024 00:32:02.401] [Server thread/INFO] [net.minecraft.server.MinecraftServer/]: Nacho1704 joined the game
[02Dec2024 00:32:02.424] [Server thread/INFO] [Jade/]: Syncing config to Nacho1704 (9e5268a2-d6b1-3429-b9aa-0ab978a93aef)
[02Dec2024 00:32:33.913] [Server thread/INFO] [net.minecraft.world.entity.LivingEntity/]: Named entity PlayerFormEntity['ItsPizzaTIM'/206421, l='ServerLevel[world]', x=226.90, y=63.00, z=157.31] died: ItsPizzaTIM was shot by Pillager
[02Dec2024 00:33:00.561] [Server thread/INFO] [net.minecraft.server.MinecraftServer/]: [Not Secure] <vicentula> pene
[02Dec2024 00:33:04.991] [Server thread/INFO] [net.minecraft.server.MinecraftServer/]: [Not Secure] <vicentula> q fai mi chanchito
[02Dec2024 00:33:09.464] [Server thread/INFO] [net.minecraft.server.MinecraftServer/]: [Not Secure] <Nacho1704> ds
[02Dec2024 00:33:42.400] [Server thread/INFO] [net.minecraft.world.entity.LivingEntity/]: Named entity PlayerFormEntity['boodahbob'/202488, l='ServerLevel[world]', x=628.36, y=15.00, z=536.06] died: boodahbob was slain by Looter
[02Dec2024 00:34:08.760] [Server thread/INFO] [net.minecraft.server.MinecraftServer/]: [Not Secure] <vicentula> zz
[02Dec2024 00:34:17.751] [Server thread/INFO] [net.minecraft.world.entity.LivingEntity/]: Named entity PlayerFormEntity['ShadowSwordz'/207593, l='ServerLevel[world]', x=64.14, y=-16.00, z=97.13] died: ShadowSwordz was slain by Looter
[02Dec2024 00:34:45.322] [Server thread/INFO] [net.minecraft.world.entity.LivingEntity/]: Named entity PlayerFormEntity['Nightfox'/204982, l='ServerLevel[world]', x=595.89, y=-3.98, z=553.68] died: Nightfox tried to swim in lava
[02Dec2024 00:35:12.594] [Server thread/INFO] [net.minecraft.server.MinecraftServer/]: Nacho1704 was outgunned by the flood.
[02Dec2024 00:35:12.599] [Server thread/INFO] [tombstone/]: The player Nacho1704 has successfully been saved
[02Dec2024 00:35:34.294] [Server thread/INFO] [net.minecraft.world.entity.LivingEntity/]: Named entity PlayerFormEntity['AzPure'/211283, l='ServerLevel[world]', x=611.48, y=63.00, z=630.61] died: AzPure was slain by Zombie
[02Dec2024 00:35:38.351] [Server thread/INFO] [net.minecraft.server.MinecraftServer/]: [Not Secure] <vicentula> Nacho1704
[02Dec2024 00:40:41.837] [Server thread/INFO] [net.minecraft.world.entity.LivingEntity/]: Named entity PlayerFormEntity['Allan Marceau'/219783, l='ServerLevel[world]', x=57.58, y=-19.00, z=223.24] died: Allan Marceau was slain by Zombie
[02Dec2024 00:41:10.063] [Server thread/INFO] [net.minecraft.world.entity.LivingEntity/]: Named entity PlayerFormEntity['ItsPizzaTIM'/219087, l='ServerLevel[world]', x=143.68, y=-8.00, z=86.28] died: ItsPizzaTIM fought valiantly but fell to the flood swarm.
[02Dec2024 00:41:36.547] [Server thread/INFO] [net.minecraft.world.entity.LivingEntity/]: Named entity PlayerFormEntity['Vee'/218478, l='ServerLevel[world]', x=85.50, y=-15.00, z=107.84] died: Vee was slain by Zombie
[02Dec2024 00:42:39.093] [Server thread/INFO] [net.minecraft.world.entity.LivingEntity/]: Named entity PlayerFormEntity['MR138'/220696, l='ServerLevel[world]', x=118.62, y=22.90, z=74.78] died: MR138 was slain by Enderman
[02Dec2024 00:44:47.377] [Server thread/INFO] [net.minecraft.world.entity.LivingEntity/]: Named entity PlayerFormEntity['Kronoz'/228604, l='ServerLevel[world]', x=103.60, y=38.00, z=73.69] died: Kronoz was slain by Zombie
[02Dec2024 00:45:20.697] [Server thread/INFO] [net.minecraft.world.entity.LivingEntity/]: Named entity PlayerFormEntity['TeamAbyssal'/228893, l='ServerLevel[world]', x=194.33, y=38.00, z=928.72] died: TeamAbyssal was shot by Skeleton
[02Dec2024 00:46:20.176] [Server thread/INFO] [net.minecraft.server.network.ServerGamePacketListenerImpl/]: vicentula lost connection: Disconnected
[02Dec2024 00:46:20.177] [Server thread/INFO] [net.minecraft.server.MinecraftServer/]: vicentula left the game
[02Dec2024 00:47:05.134] [Server thread/INFO] [net.minecraft.server.network.ServerLoginPacketListenerImpl/]: com.mojang.authlib.GameProfile@328f8847[id=<null>,name=vicentula,properties={},legacy=false] (/127.189.253.42:33647) lost connection: Disconnected
[02Dec2024 00:47:14.140] [Server thread/INFO] [net.minecraft.server.players.PlayerList/]: vicentula[/127.189.253.42:53493] logged in with entity id 232449 at (-15.578191691608323, 65.0, 1047.1534038966652)
[02Dec2024 00:47:14.145] [Server thread/INFO] [net.minecraft.server.MinecraftServer/]: vicentula joined the game
[02Dec2024 00:47:14.151] [Server thread/INFO] [Jade/]: Syncing config to vicentula (ea963feb-ef64-36f6-8969-26de2e90d8be)
[02Dec2024 00:47:43.137] [Server thread/INFO] [net.minecraft.world.entity.LivingEntity/]: Named entity PlayerFormEntity['ShadowWolf'/233087, l='ServerLevel[world]', x=45.13, y=32.00, z=988.20] died: ShadowWolf was slain by Zombie
[02Dec2024 00:47:46.337] [Server thread/INFO] [net.minecraft.world.entity.LivingEntity/]: Named entity PlayerFormEntity['purple skittle'/232670, l='ServerLevel[world]', x=-7.40, y=-10.10, z=955.60] died: purple skittle suffocated in a wall
[02Dec2024 00:49:02.489] [Server thread/INFO] [net.minecraft.world.entity.LivingEntity/]: Named entity PlayerFormEntity['boodahbob'/235541, l='ServerLevel[world]', x=112.59, y=-30.00, z=103.72] died: boodahbob was slain by Looter
[02Dec2024 00:49:56.445] [Server thread/INFO] [net.minecraft.world.entity.LivingEntity/]: Named entity PlayerFormEntity['XPurple_DiamondX'/236753, l='ServerLevel[world]', x=-172.00, y=20.13, z=1043.00] died: XPurple_DiamondX tried to swim in lava
[02Dec2024 00:50:29.325] [Server thread/INFO] [net.minecraft.world.entity.LivingEntity/]: Named entity PlayerFormEntity['okshn'/237333, l='ServerLevel[world]', x=57.50, y=68.00, z=150.46] died: okshn was slain by Zombie
[02Dec2024 00:51:24.990] [Server thread/INFO] [net.minecraft.world.entity.LivingEntity/]: Named entity PlayerFormEntity['okshn'/237269, l='ServerLevel[world]', x=-191.41, y=81.00, z=1152.53] died: okshn was slain by Enderman
[02Dec2024 00:52:32.719] [Server thread/WARN] [net.minecraft.server.MinecraftServer/]: Can't keep up! Is the server overloaded? Running 2004ms or 40 ticks behind
[02Dec2024 00:53:40.262] [Server thread/INFO] [net.minecraft.world.entity.LivingEntity/]: Named entity PlayerFormEntity['XPurple_DiamondX'/242806, l='ServerLevel[world]', x=-124.40, y=24.90, z=873.60] died: XPurple_DiamondX suffocated in a wall
[02Dec2024 00:53:49.776] [Server thread/INFO] [net.minecraft.world.entity.LivingEntity/]: Named entity PlayerFormEntity['Kronoz'/243088, l='ServerLevel[world]', x=-60.40, y=-22.87, z=854.60] died: Kronoz suffocated in a wall whilst fighting Zombie
[02Dec2024 00:54:38.487] [Server thread/WARN] [net.minecraft.server.MinecraftServer/]: Can't keep up! Is the server overloaded? Running 2022ms or 40 ticks behind
[02Dec2024 00:55:10.603] [Server thread/INFO] [net.minecraft.world.entity.LivingEntity/]: Named entity PlayerFormEntity['ItsPizzaTIM'/246758, l='ServerLevel[world]', x=85.75, y=29.00, z=684.04] died: ItsPizzaTIM was slain by Enderman
[02Dec2024 00:55:19.862] [Server thread/INFO] [net.minecraft.world.entity.LivingEntity/]: Named entity PlayerFormEntity['AzPure'/249148, l='ServerLevel[world]', x=57.81, y=-17.75, z=577.93] died: AzPure was slain by Looter
[02Dec2024 00:55:57.240] [Server thread/WARN] [net.minecraft.server.level.ServerPlayerGameMode/]: Mismatch in destroy block pos: BlockPos{x=127, y=91, z=576} BlockPos{x=128, y=89, z=576}
[02Dec2024 00:56:22.349] [Server thread/INFO] [net.minecraft.world.entity.LivingEntity/]: Named entity PlayerFormEntity['entiral'/251049, l='ServerLevel[world]', x=11.96, y=-5.00, z=583.50] died: entiral was slain by Looter
[02Dec2024 00:56:26.964] [Server thread/INFO] [net.minecraft.server.players.PlayerList/]: jajaja[/127.159.230.212:51467] logged in with entity id 251404 at (-97.24018570552226, 13.0, -0.2046199927878559)
[02Dec2024 00:56:26.969] [Server thread/INFO] [net.minecraft.server.MinecraftServer/]: jajaja joined the game
[02Dec2024 00:56:27.014] [Server thread/INFO] [Jade/]: Syncing config to jajaja (60531054-5ff8-313e-b861-2a8b0e2dc9e3)
[02Dec2024 00:57:17.696] [Server thread/INFO] [net.minecraft.world.entity.LivingEntity/]: Named entity PlayerFormEntity['entiral'/252827, l='ServerLevel[world]', x=9.68, y=-15.47, z=539.22] died: entiral tried to swim in lava
[02Dec2024 00:58:29.840] [Server thread/INFO] [net.minecraft.server.MinecraftServer/]: jajaja was infinitely tormented by Marine Form.
[02Dec2024 00:58:29.858] [Server thread/INFO] [tombstone/]: The player jajaja has successfully been saved
[02Dec2024 00:59:28.770] [Server thread/WARN] [net.minecraft.server.MinecraftServer/]: Can't keep up! Is the server overloaded? Running 2005ms or 40 ticks behind
[02Dec2024 00:59:31.728] [Server thread/INFO] [net.minecraft.world.entity.npc.Villager/]: Villager Villager['Nitwit'/244759, l='ServerLevel[world]', x=83.57, y=88.00, z=455.30] died, message: 'Nitwit was murdered by Vindicator Form.'
[02Dec2024 00:59:34.281] [Server thread/INFO] [net.minecraft.world.entity.npc.Villager/]: Villager Villager['Unemployed'/244208, l='ServerLevel[world]', x=17.50, y=100.00, z=426.50] died, message: 'Unemployed was blown up with gas and poison by a Carrier Form.'
[02Dec2024 00:59:34.285] [Server thread/INFO] [net.minecraft.world.entity.npc.Villager/]: Villager Villager['Leatherworker'/244600, l='ServerLevel[world]', x=18.50, y=100.00, z=433.50] died, message: 'Leatherworker was blown up with gas and poison by a Carrier Form.'
[02Dec2024 00:59:34.286] [Server thread/INFO] [net.minecraft.world.entity.npc.Villager/]: Villager Villager['Farmer'/244714, l='ServerLevel[world]', x=19.50, y=96.00, z=435.50] died, message: 'Farmer was blown up with gas and poison by a Carrier Form.'
[02Dec2024 00:59:50.230] [Server thread/INFO] [net.minecraft.world.entity.LivingEntity/]: Named entity PlayerFormEntity['Reno'/258087, l='ServerLevel[world]', x=-80.11, y=85.00, z=291.02] died: Reno was slain by Enderman
[02Dec2024 01:00:19.360] [Server thread/INFO] [net.minecraft.server.MinecraftServer/]: vicentula has made the advancement [Tunnel Treasures]
[02Dec2024 01:00:27.821] [Server thread/INFO] [net.minecraft.world.entity.LivingEntity/]: Named entity PlayerFormEntity['Kronoz'/258962, l='ServerLevel[world]', x=22.91, y=96.00, z=422.01] died: Kronoz was slain by Iron Golem
[02Dec2024 01:01:36.372] [Server thread/INFO] [hordes/]: [net.smileycorp.hordes.hordeevent.capability.HordeEvent@5aa987f4]Trying to start horde event on day 20 with nextDay 20 and time 18000
[02Dec2024 01:01:36.377] [Server thread/INFO] [hordes/]: Applying script hordes:default for event net.smileycorp.hordes.common.event.HordeBuildSpawnDataEvent@5bfb4e28
[02Dec2024 01:01:36.379] [Server thread/INFO] [hordes/]: Adding entry HordeSpawnEntry[type=entity.minecraft.zombie,weight=35,minDay=0,maxDay=20] to hordespawn on day 10
[02Dec2024 01:01:36.380] [Server thread/INFO] [hordes/]: Adding entry HordeSpawnEntry[type=entity.minecraft.zombie_villager,weight=1,minDay=0,maxDay=20] to hordespawn on day 10
[02Dec2024 01:01:36.431] [Server thread/INFO] [hordes/]: Adding entry HordeSpawnEntry[type=entity.minecraft.zombie,weight=35,minDay=0,maxDay=20] to hordespawn on day 20
[02Dec2024 01:01:36.431] [Server thread/INFO] [hordes/]: Adding entry HordeSpawnEntry[type=entity.minecraft.zombie_villager,weight=1,minDay=0,maxDay=20] to hordespawn on day 20
[02Dec2024 01:01:36.432] [Server thread/INFO] [hordes/]: Adding entry HordeSpawnEntry[type=entity.minecraft.zombie_horse,weight=3,minDay=20,maxDay=40] to hordespawn on day 20
[02Dec2024 01:01:36.432] [Server thread/INFO] [hordes/]: Adding entry HordeSpawnEntry[type=entity.minecraft.husk,weight=40,minDay=20,maxDay=40] to hordespawn on day 20
[02Dec2024 01:02:26.403] [Server thread/INFO] [hordes/]: Adding entry HordeSpawnEntry[type=entity.minecraft.zombie,weight=35,minDay=0,maxDay=20] to hordespawn on day 20
[02Dec2024 01:02:26.404] [Server thread/INFO] [hordes/]: Adding entry HordeSpawnEntry[type=entity.minecraft.zombie_villager,weight=1,minDay=0,maxDay=20] to hordespawn on day 20
[02Dec2024 01:02:26.404] [Server thread/INFO] [hordes/]: Adding entry HordeSpawnEntry[type=entity.minecraft.zombie_horse,weight=3,minDay=20,maxDay=40] to hordespawn on day 20
[02Dec2024 01:02:26.404] [Server thread/INFO] [hordes/]: Adding entry HordeSpawnEntry[type=entity.minecraft.husk,weight=40,minDay=20,maxDay=40] to hordespawn on day 20
[02Dec2024 01:02:44.972] [Server thread/INFO] [net.minecraft.world.entity.LivingEntity/]: Named entity PlayerFormEntity['entiral'/262509, l='ServerLevel[world]', x=37.09, y=95.94, z=439.89] died: entiral was slain by Iron Golem
[02Dec2024 01:03:03.734] [Server thread/INFO] [net.minecraft.world.entity.npc.Villager/]: Villager Villager['Nitwit'/244026, l='ServerLevel[world]', x=57.30, y=91.00, z=414.30] died, message: 'Nitwit was murdered by Human Form.'
[02Dec2024 01:03:08.099] [Server thread/INFO] [net.minecraft.world.entity.npc.Villager/]: Villager Villager['Unemployed'/244025, l='ServerLevel[world]', x=61.70, y=91.00, z=414.30] died, message: 'Unemployed became one with the flood.'
[02Dec2024 01:03:16.404] [Server thread/INFO] [hordes/]: Adding entry HordeSpawnEntry[type=entity.minecraft.zombie,weight=35,minDay=0,maxDay=20] to hordespawn on day 20
[02Dec2024 01:03:16.405] [Server thread/INFO] [hordes/]: Adding entry HordeSpawnEntry[type=entity.minecraft.zombie_villager,weight=1,minDay=0,maxDay=20] to hordespawn on day 20
[02Dec2024 01:03:16.405] [Server thread/INFO] [hordes/]: Adding entry HordeSpawnEntry[type=entity.minecraft.zombie_horse,weight=3,minDay=20,maxDay=40] to hordespawn on day 20
[02Dec2024 01:03:16.405] [Server thread/INFO] [hordes/]: Adding entry HordeSpawnEntry[type=entity.minecraft.husk,weight=40,minDay=20,maxDay=40] to hordespawn on day 20
[02Dec2024 01:03:17.580] [Server thread/INFO] [net.minecraft.world.entity.LivingEntity/]: Named entity PlayerFormEntity['purple skittle'/262306, l='ServerLevel[world]', x=3.12, y=-5.00, z=477.40] died: purple skittle was slain by vicentula
[02Dec2024 01:04:03.704] [Server thread/INFO] [net.minecraft.world.entity.LivingEntity/]: Named entity PlayerFormEntity['Finton'/264093, l='ServerLevel[world]', x=104.88, y=86.00, z=374.67] died: Finton was slain by Enderman
[02Dec2024 01:04:06.438] [Server thread/INFO] [hordes/]: Adding entry HordeSpawnEntry[type=entity.minecraft.zombie,weight=35,minDay=0,maxDay=20] to hordespawn on day 20
[02Dec2024 01:04:06.438] [Server thread/INFO] [hordes/]: Adding entry HordeSpawnEntry[type=entity.minecraft.zombie_villager,weight=1,minDay=0,maxDay=20] to hordespawn on day 20
[02Dec2024 01:04:06.438] [Server thread/INFO] [hordes/]: Adding entry HordeSpawnEntry[type=entity.minecraft.zombie_horse,weight=3,minDay=20,maxDay=40] to hordespawn on day 20
[02Dec2024 01:04:06.439] [Server thread/INFO] [hordes/]: Adding entry HordeSpawnEntry[type=entity.minecraft.husk,weight=40,minDay=20,maxDay=40] to hordespawn on day 20
[02Dec2024 01:04:06.902] [Server thread/INFO] [net.minecraft.world.entity.LivingEntity/]: Named entity PlayerFormEntity['purple skittle'/264092, l='ServerLevel[world]', x=3.04, y=-5.00, z=477.40] died: purple skittle was slain by Nacho1704
[02Dec2024 01:04:56.400] [Server thread/INFO] [hordes/]: Adding entry HordeSpawnEntry[type=entity.minecraft.zombie,weight=35,minDay=0,maxDay=20] to hordespawn on day 20
[02Dec2024 01:04:56.401] [Server thread/INFO] [hordes/]: Adding entry HordeSpawnEntry[type=entity.minecraft.zombie_villager,weight=1,minDay=0,maxDay=20] to hordespawn on day 20
[02Dec2024 01:04:56.401] [Server thread/INFO] [hordes/]: Adding entry HordeSpawnEntry[type=entity.minecraft.zombie_horse,weight=3,minDay=20,maxDay=40] to hordespawn on day 20
[02Dec2024 01:04:56.401] [Server thread/INFO] [hordes/]: Adding entry HordeSpawnEntry[type=entity.minecraft.husk,weight=40,minDay=20,maxDay=40] to hordespawn on day 20
[02Dec2024 01:04:56.401] [Server thread/INFO] [hordes/]: [net.smileycorp.hordes.hordeevent.capability.HordeEvent@5aa987f4]Can't spawn wave because max cap has been reached
[02Dec2024 01:05:11.360] [Server thread/INFO] [net.minecraft.server.MinecraftServer/]: vicentula has made the advancement [Barrel Booty]
[02Dec2024 01:05:16.347] [Server thread/INFO] [net.minecraft.world.entity.LivingEntity/]: Named entity PlayerFormEntity['Nightfox'/263271, l='ServerLevel[world]', x=72.05, y=95.70, z=421.79] died: Nightfox was slain by jajaja
[02Dec2024 01:05:40.891] [Server thread/INFO] [net.minecraft.server.MinecraftServer/]: jajaja was made into target practice.
[02Dec2024 01:05:40.922] [Server thread/INFO] [tombstone/]: The player jajaja has successfully been saved
[02Dec2024 01:05:46.405] [Server thread/INFO] [hordes/]: Adding entry HordeSpawnEntry[type=entity.minecraft.zombie,weight=35,minDay=0,maxDay=20] to hordespawn on day 20
[02Dec2024 01:05:46.405] [Server thread/INFO] [hordes/]: Adding entry HordeSpawnEntry[type=entity.minecraft.zombie_villager,weight=1,minDay=0,maxDay=20] to hordespawn on day 20
[02Dec2024 01:05:46.405] [Server thread/INFO] [hordes/]: Adding entry HordeSpawnEntry[type=entity.minecraft.zombie_horse,weight=3,minDay=20,maxDay=40] to hordespawn on day 20
[02Dec2024 01:05:46.406] [Server thread/INFO] [hordes/]: Adding entry HordeSpawnEntry[type=entity.minecraft.husk,weight=40,minDay=20,maxDay=40] to hordespawn on day 20
[02Dec2024 01:05:46.406] [Server thread/INFO] [hordes/]: [net.smileycorp.hordes.hordeevent.capability.HordeEvent@5aa987f4]Can't spawn wave because max cap has been reached
[02Dec2024 01:05:50.638] [Server thread/INFO] [net.minecraft.world.entity.LivingEntity/]: Named entity PlayerFormEntity['Shiarir'/265261, l='ServerLevel[world]', x=-41.86, y=-41.25, z=361.00] died: Shiarir was slain by Looter
[02Dec2024 01:06:25.744] [Server thread/INFO] [net.minecraft.world.entity.LivingEntity/]: Named entity ZombiePlayer['Nacho1704'/240954, l='ServerLevel[world]', x=80.58, y=15.00, z=357.38] died: Zombie Player was slaughtered by Vindicator Form.
[02Dec2024 01:07:01.411] [Server thread/INFO] [net.minecraft.server.MinecraftServer/]: vicentula has made the advancement [Disme A Dozen]
[02Dec2024 01:07:10.489] [Server thread/INFO] [net.minecraft.world.entity.npc.Villager/]: Villager Villager['Nitwit'/243825, l='ServerLevel[world]', x=41.71, y=90.10, z=401.47] died, message: 'Nitwit was murdered by AzPure.'
[02Dec2024 01:07:15.046] [Server thread/INFO] [net.minecraft.world.entity.npc.Villager/]: Villager Villager['Mason'/244602, l='ServerLevel[world]', x=78.00, y=93.00, z=405.00] died, message: 'Mason was shot by Pillager Form'
[02Dec2024 01:07:17.374] [Server thread/INFO] [net.minecraft.server.MinecraftServer/]: Nacho1704 has made the advancement [Penteconter]
[02Dec2024 01:07:37.370] [Server thread/INFO] [net.minecraft.world.entity.npc.Villager/]: Villager Villager['Farmer'/244046, l='ServerLevel[world]', x=69.65, y=92.94, z=396.36] died, message: 'Farmer bled to death'
[02Dec2024 01:07:56.670] [Server thread/INFO] [net.minecraft.world.entity.npc.Villager/]: Villager Villager['Leatherworker'/244599, l='ServerLevel[world]', x=74.02, y=93.00, z=438.47] died, message: 'Leatherworker bled to death'
